<?xml version="1.0" encoding="UTF-8"?>
<!-- Generated by org.testng.reporters.JUnitReportReporter -->
<testsuite hostname="LAPTOP-VTPPVTLJ" failures="0" tests="1" name="KnilaPack.HardCodedTesting" time="47.440" errors="0" timestamp="2022-11-12T22:11:45 IST" skipped="0">
  <testcase classname="KnilaPack.HardCodedTesting" name="LoginTestCase" time="47.440"/>
  <system-out/>
</testsuite> <!-- KnilaPack.HardCodedTesting -->
