<?xml version="1.0" encoding="UTF-8"?>
<!-- Generated by org.testng.reporters.JUnitReportReporter -->
<testsuite hostname="LAPTOP-VTPPVTLJ" failures="0" tests="5" name="KnilaPack.TestCase" time="62.357" errors="0" timestamp="2022-11-14T00:26:35 IST" skipped="0">
  <testcase classname="KnilaPack.TestCase" name="LoginTestCase" time="3.975"/>
  <system-out/>
  <testcase classname="KnilaPack.TestCase" name="RegisterTestCase" time="15.469"/>
  <system-out/>
  <testcase classname="KnilaPack.TestCase" name="StartVisitTestCase" time="29.639"/>
  <system-out/>
  <testcase classname="KnilaPack.TestCase" name="PatientDetails" time="8.832"/>
  <system-out/>
  <testcase classname="KnilaPack.TestCase" name="PatientRecordSearch" time="4.442"/>
  <system-out/>
</testsuite> <!-- KnilaPack.TestCase -->
