<?xml version="1.0" encoding="UTF-8"?>
<!-- Generated by org.testng.reporters.JUnitReportReporter -->
<testsuite hostname="LAPTOP-VTPPVTLJ" failures="0" tests="1" name="KnilaPack.HardCodedTesting" time="64.351" errors="0" timestamp="2022-11-11T21:37:36 IST" skipped="0">
  <testcase classname="KnilaPack.HardCodedTesting" name="LoginTestCase" time="64.351"/>
  <system-out/>
</testsuite> <!-- KnilaPack.HardCodedTesting -->
