<?xml version="1.0" encoding="UTF-8"?>
<!-- Generated by org.testng.reporters.JUnitReportReporter -->
<testsuite hostname="LAPTOP-VTPPVTLJ" failures="0" tests="5" name="KnilaPack.TestCase" time="51.108" errors="0" timestamp="2022-11-14T14:34:56 IST" skipped="0">
  <testcase classname="KnilaPack.TestCase" name="LoginTestCase" time="5.071"/>
  <system-out/>
  <testcase classname="KnilaPack.TestCase" name="RegisterTestCase" time="13.162"/>
  <system-out/>
  <testcase classname="KnilaPack.TestCase" name="StartVisitTestCase" time="20.255"/>
  <system-out/>
  <testcase classname="KnilaPack.TestCase" name="PatientDetails" time="8.713"/>
  <system-out/>
  <testcase classname="KnilaPack.TestCase" name="PatientRecordSearch" time="3.907"/>
  <system-out/>
</testsuite> <!-- KnilaPack.TestCase -->
