<?xml version="1.0" encoding="UTF-8"?>
<!-- Generated by org.testng.reporters.JUnitReportReporter -->
<testsuite hostname="LAPTOP-VTPPVTLJ" failures="0" tests="3" name="KnilaPack.Testing" time="29.693" errors="0" timestamp="2022-11-11T11:32:21 IST" skipped="0">
  <testcase classname="KnilaPack.Testing" name="RegisterTestCase" time="1.934"/>
  <system-out/>
  <testcase classname="KnilaPack.Testing" name="StartVisitTEstCase" time="16.290"/>
  <system-out/>
  <testcase classname="KnilaPack.Testing" name="LoginTestCase" time="11.469"/>
  <system-out/>
</testsuite> <!-- KnilaPack.Testing -->
