<?xml version="1.0" encoding="UTF-8"?>
<!-- Generated by org.testng.reporters.JUnitReportReporter -->
<testsuite hostname="LAPTOP-VTPPVTLJ" failures="0" tests="5" name="KnilaPack.Testing" time="46.948" errors="0" timestamp="2022-11-13T17:35:49 IST" skipped="0">
  <testcase classname="KnilaPack.Testing" name="LoginTestCase" time="6.807"/>
  <system-out/>
  <testcase classname="KnilaPack.Testing" name="RegisterTestCase" time="7.177"/>
  <system-out/>
  <testcase classname="KnilaPack.Testing" name="StartVisitTestCase" time="19.465"/>
  <system-out/>
  <testcase classname="KnilaPack.Testing" name="PatientDetails" time="8.959"/>
  <system-out/>
  <testcase classname="KnilaPack.Testing" name="PatientRecordSearch" time="4.540"/>
  <system-out/>
</testsuite> <!-- KnilaPack.Testing -->
